<?xml version="1.0" encoding="UTF-8"?>
<coverage generated="1462945928940" clover="3.2.0">
	<project timestamp="1462945928940"  name="All Files" >
		<metrics statements="162"  coveredstatements="19"  conditionals="128"  coveredconditionals="32"  methods="49"  coveredmethods="13"  elements="339"  coveredelements="64"  complexity="0"  packages="1"  files="2"  classes="2"  loc="525"  ncloc="525" />
		<package name="src" >
			<metrics statements="162"  coveredstatements="19"  conditionals="128"  coveredconditionals="32"  methods="49"  coveredmethods="13" />
			<file name="plank.js"  path="/Users/daniel/sandbox/react-planks/src/plank.js" >
				<metrics statements="33"  coveredstatements="6"  conditionals="45"  coveredconditionals="14"  methods="21"  coveredmethods="6" />
				<line num="1"  count="10"  type="cond"  truecount="14"  falsecount="17" />
				<line num="3"  count="1"  type="stmt" />
				<line num="4"  count="1"  type="stmt" />
				<line num="10"  count="0"  type="stmt" />
				<line num="12"  count="0"  type="stmt" />
				<line num="19"  count="1"  type="stmt" />
				<line num="21"  count="0"  type="cond"  truecount="0"  falsecount="2" />
				<line num="22"  count="0"  type="stmt" />
				<line num="28"  count="0"  type="cond"  truecount="0"  falsecount="2" />
				<line num="30"  count="0"  type="stmt" />
				<line num="31"  count="0"  type="cond"  truecount="0"  falsecount="2" />
				<line num="32"  count="0"  type="cond"  truecount="0"  falsecount="2" />
				<line num="43"  count="0"  type="cond"  truecount="0"  falsecount="2" />
				<line num="44"  count="0"  type="stmt" />
				<line num="47"  count="0"  type="cond"  truecount="0"  falsecount="2" />
				<line num="48"  count="0"  type="cond"  truecount="0"  falsecount="2" />
				<line num="49"  count="0"  type="stmt" />
				<line num="51"  count="0"  type="stmt" />
				<line num="63"  count="0"  type="stmt" />
				<line num="67"  count="0"  type="stmt" />
				<line num="69"  count="0"  type="stmt" />
				<line num="70"  count="0"  type="stmt" />
				<line num="73"  count="0"  type="stmt" />
				<line num="74"  count="0"  type="stmt" />
				<line num="77"  count="0"  type="stmt" />
				<line num="78"  count="0"  type="stmt" />
				<line num="83"  count="0"  type="stmt" />
				<line num="88"  count="0"  type="stmt" />
				<line num="97"  count="0"  type="stmt" />
				<line num="106"  count="0"  type="stmt" />
				<line num="109"  count="0"  type="stmt" />
				<line num="115"  count="1"  type="stmt" />
				<line num="117"  count="1"  type="stmt" />
			</file>
			<file name="planks.js"  path="/Users/daniel/sandbox/react-planks/src/planks.js" >
				<metrics statements="129"  coveredstatements="13"  conditionals="83"  coveredconditionals="18"  methods="28"  coveredmethods="7" />
				<line num="1"  count="13"  type="cond"  truecount="5"  falsecount="3" />
				<line num="2"  count="2"  type="cond"  truecount="10"  falsecount="13" />
				<line num="8"  count="1"  type="stmt" />
				<line num="9"  count="1"  type="stmt" />
				<line num="10"  count="1"  type="stmt" />
				<line num="13"  count="0"  type="stmt" />
				<line num="21"  count="0"  type="stmt" />
				<line num="23"  count="0"  type="stmt" />
				<line num="31"  count="0"  type="stmt" />
				<line num="38"  count="1"  type="stmt" />
				<line num="41"  count="0"  type="stmt" />
				<line num="42"  count="0"  type="stmt" />
				<line num="43"  count="0"  type="stmt" />
				<line num="50"  count="0"  type="stmt" />
				<line num="52"  count="0"  type="stmt" />
				<line num="60"  count="0"  type="stmt" />
				<line num="70"  count="0"  type="cond"  truecount="0"  falsecount="4" />
				<line num="73"  count="0"  type="stmt" />
				<line num="75"  count="0"  type="cond"  truecount="0"  falsecount="4" />
				<line num="78"  count="0"  type="stmt" />
				<line num="80"  count="0"  type="stmt" />
				<line num="101"  count="0"  type="stmt" />
				<line num="109"  count="0"  type="stmt" />
				<line num="110"  count="0"  type="stmt" />
				<line num="111"  count="0"  type="stmt" />
				<line num="116"  count="0"  type="stmt" />
				<line num="117"  count="0"  type="stmt" />
				<line num="120"  count="1"  type="stmt" />
				<line num="121"  count="0"  type="stmt" />
				<line num="125"  count="1"  type="stmt" />
				<line num="126"  count="0"  type="cond"  truecount="0"  falsecount="2" />
				<line num="127"  count="0"  type="stmt" />
				<line num="130"  count="0"  type="stmt" />
				<line num="143"  count="0"  type="stmt" />
				<line num="144"  count="0"  type="cond"  truecount="0"  falsecount="2" />
				<line num="145"  count="0"  type="stmt" />
				<line num="146"  count="0"  type="stmt" />
				<line num="149"  count="0"  type="cond"  truecount="0"  falsecount="4" />
				<line num="150"  count="0"  type="stmt" />
				<line num="154"  count="0"  type="stmt" />
				<line num="157"  count="0"  type="stmt" />
				<line num="158"  count="0"  type="cond"  truecount="0"  falsecount="2" />
				<line num="159"  count="0"  type="stmt" />
				<line num="162"  count="0"  type="stmt" />
				<line num="164"  count="0"  type="stmt" />
				<line num="172"  count="0"  type="stmt" />
				<line num="175"  count="0"  type="cond"  truecount="0"  falsecount="2" />
				<line num="176"  count="0"  type="stmt" />
				<line num="178"  count="0"  type="stmt" />
				<line num="179"  count="0"  type="stmt" />
				<line num="180"  count="0"  type="stmt" />
				<line num="190"  count="0"  type="stmt" />
				<line num="196"  count="0"  type="cond"  truecount="0"  falsecount="2" />
				<line num="198"  count="0"  type="stmt" />
				<line num="201"  count="0"  type="stmt" />
				<line num="202"  count="0"  type="stmt" />
				<line num="206"  count="0"  type="stmt" />
				<line num="207"  count="0"  type="cond"  truecount="0"  falsecount="2" />
				<line num="208"  count="0"  type="stmt" />
				<line num="212"  count="0"  type="stmt" />
				<line num="215"  count="0"  type="stmt" />
				<line num="220"  count="0"  type="stmt" />
				<line num="235"  count="0"  type="stmt" />
				<line num="236"  count="0"  type="stmt" />
				<line num="237"  count="0"  type="stmt" />
				<line num="242"  count="0"  type="cond"  truecount="0"  falsecount="2" />
				<line num="243"  count="0"  type="stmt" />
				<line num="249"  count="0"  type="cond"  truecount="0"  falsecount="2" />
				<line num="251"  count="0"  type="stmt" />
				<line num="253"  count="0"  type="stmt" />
				<line num="255"  count="0"  type="cond"  truecount="0"  falsecount="4" />
				<line num="257"  count="0"  type="stmt" />
				<line num="258"  count="0"  type="stmt" />
				<line num="262"  count="0"  type="stmt" />
				<line num="265"  count="0"  type="cond"  truecount="0"  falsecount="2" />
				<line num="266"  count="0"  type="stmt" />
				<line num="273"  count="0"  type="cond"  truecount="0"  falsecount="2" />
				<line num="274"  count="0"  type="stmt" />
				<line num="275"  count="0"  type="stmt" />
				<line num="278"  count="0"  type="stmt" />
				<line num="287"  count="0"  type="stmt" />
				<line num="289"  count="0"  type="cond"  truecount="0"  falsecount="2" />
				<line num="290"  count="0"  type="stmt" />
				<line num="293"  count="0"  type="stmt" />
				<line num="294"  count="0"  type="stmt" />
				<line num="295"  count="0"  type="stmt" />
				<line num="297"  count="0"  type="stmt" />
				<line num="298"  count="0"  type="stmt" />
				<line num="303"  count="0"  type="stmt" />
				<line num="304"  count="0"  type="stmt" />
				<line num="305"  count="0"  type="stmt" />
				<line num="306"  count="0"  type="stmt" />
				<line num="307"  count="0"  type="cond"  truecount="0"  falsecount="2" />
				<line num="308"  count="0"  type="stmt" />
				<line num="309"  count="0"  type="stmt" />
				<line num="310"  count="0"  type="stmt" />
				<line num="311"  count="0"  type="stmt" />
				<line num="312"  count="0"  type="stmt" />
				<line num="313"  count="0"  type="stmt" />
				<line num="314"  count="0"  type="stmt" />
				<line num="316"  count="0"  type="stmt" />
				<line num="321"  count="0"  type="stmt" />
				<line num="322"  count="0"  type="stmt" />
				<line num="323"  count="0"  type="stmt" />
				<line num="325"  count="0"  type="cond"  truecount="0"  falsecount="2" />
				<line num="326"  count="0"  type="stmt" />
				<line num="330"  count="1"  type="cond"  truecount="2"  falsecount="0" />
				<line num="331"  count="0"  type="stmt" />
				<line num="333"  count="0"  type="stmt" />
				<line num="334"  count="0"  type="stmt" />
				<line num="336"  count="0"  type="stmt" />
				<line num="343"  count="0"  type="cond"  truecount="0"  falsecount="4" />
				<line num="345"  count="0"  type="stmt" />
				<line num="351"  count="0"  type="stmt" />
				<line num="353"  count="0"  type="stmt" />
				<line num="367"  count="0"  type="stmt" />
				<line num="371"  count="0"  type="stmt" />
				<line num="375"  count="0"  type="stmt" />
				<line num="377"  count="0"  type="cond"  truecount="0"  falsecount="2" />
				<line num="378"  count="0"  type="stmt" />
				<line num="379"  count="0"  type="stmt" />
				<line num="380"  count="0"  type="cond"  truecount="1"  falsecount="1" />
				<line num="382"  count="1"  type="stmt" />
				<line num="384"  count="0"  type="stmt" />
				<line num="398"  count="0"  type="stmt" />
				<line num="401"  count="0"  type="stmt" />
				<line num="402"  count="1"  type="stmt" />
				<line num="407"  count="1"  type="stmt" />
				<line num="408"  count="1"  type="stmt" />
			</file>
		</package>
	</project>
</coverage>
