{
"/Users/daniel/sandbox/react-planks/src/planks.js":{"path":"/Users/daniel/sandbox/react-planks/src/planks.js","s":{"1":1,"2":1,"3":1,"4":1,"5":13,"6":13,"7":13,"8":13,"9":13,"10":13,"11":1,"12":1,"13":1,"14":1,"15":0,"16":1,"17":1,"18":1,"19":1,"20":1,"21":1,"22":2,"23":1,"24":0,"25":0,"26":1,"27":0,"28":0,"29":0,"30":1,"31":1,"32":0,"33":1,"34":1,"35":1,"36":1,"37":1,"38":1,"39":0,"40":0,"41":0,"42":0,"43":0,"44":0,"45":1,"46":0,"47":0,"48":0,"49":0,"50":0,"51":0,"52":0,"53":0,"54":0,"55":0,"56":0,"57":0,"58":0,"59":0,"60":0,"61":0,"62":0,"63":0,"64":0,"65":0,"66":0,"67":0,"68":0,"69":0,"70":0,"71":0,"72":0,"73":0,"74":0,"75":0,"76":0,"77":0,"78":0,"79":0,"80":0,"81":0,"82":0,"83":0,"84":0,"85":0,"86":0,"87":0,"88":0,"89":0,"90":0,"91":0,"92":0,"93":0,"94":0,"95":0,"96":0,"97":0,"98":0,"99":0,"100":0,"101":0,"102":0,"103":0,"104":0,"105":0,"106":0,"107":0,"108":0,"109":0,"110":0,"111":0,"112":0,"113":0,"114":0,"115":0,"116":0,"117":0,"118":0,"119":0,"120":0,"121":0,"122":0,"123":0,"124":0,"125":0,"126":0,"127":0,"128":0,"129":0,"130":0,"131":0,"132":0,"133":0,"134":0,"135":0,"136":0,"137":0,"138":0,"139":0,"140":0,"141":0,"142":0,"143":0,"144":0,"145":0,"146":0,"147":0,"148":0,"149":0,"150":0,"151":0,"152":0,"153":0,"154":0,"155":0,"156":0,"157":0,"158":0,"159":0,"160":0,"161":0,"162":0,"163":0,"164":0,"165":0,"166":0,"167":0,"168":1,"169":1,"170":1,"171":1},"b":{"1":[13,13],"2":[13,0],"3":[1,0],"4":[0,1],"5":[1,1],"6":[2,2],"7":[0,0],"8":[0,0],"9":[0,0],"10":[0,0,0],"11":[0,1],"12":[1,0],"13":[1,1],"14":[1,0],"15":[1,0],"16":[0,0],"17":[0,0],"18":[0,0],"19":[0,0],"20":[0,0],"21":[0,0],"22":[0,0],"23":[0,0],"24":[0,0],"25":[0,0],"26":[0,0],"27":[0,0],"28":[0,0],"29":[0,0],"30":[0,0],"31":[0,0],"32":[0,0],"33":[0,0],"34":[0,0],"35":[0,0],"36":[0,0],"37":[0,0],"38":[0,0],"39":[0,0],"40":[0,0],"41":[0,0]},"f":{"1":1,"2":1,"3":1,"4":2,"5":0,"6":0,"7":1,"8":1,"9":0,"10":0,"11":0,"12":0,"13":0,"14":0,"15":0,"16":0,"17":0,"18":0,"19":0,"20":0,"21":0,"22":0,"23":0,"24":0,"25":0,"26":0,"27":0,"28":0},"fnMap":{"1":{"name":"(anonymous_1)","line":1,"loc":{"start":{"line":1,"column":120},"end":{"line":1,"column":132}}},"2":{"name":"defineProperties","line":1,"loc":{"start":{"line":1,"column":133},"end":{"line":1,"column":174}}},"3":{"name":"(anonymous_3)","line":1,"loc":{"start":{"line":1,"column":448},"end":{"line":1,"column":496}}},"4":{"name":"_interopRequireDefault","line":2,"loc":{"start":{"line":2,"column":130},"end":{"line":2,"column":167}}},"5":{"name":"_classCallCheck","line":2,"loc":{"start":{"line":2,"column":223},"end":{"line":2,"column":271}}},"6":{"name":"_possibleConstructorReturn","line":2,"loc":{"start":{"line":2,"column":372},"end":{"line":2,"column":420}}},"7":{"name":"_inherits","line":2,"loc":{"start":{"line":2,"column":607},"end":{"line":2,"column":648}}},"8":{"name":"(anonymous_8)","line":9,"loc":{"start":{"line":9,"column":9},"end":{"line":9,"column":37}}},"9":{"name":"Planks","line":10,"loc":{"start":{"line":10,"column":4},"end":{"line":10,"column":53}}},"10":{"name":"componentDidMount","line":38,"loc":{"start":{"line":38,"column":64},"end":{"line":39,"column":8}}},"11":{"name":"shouldComponentUpdate","line":67,"loc":{"start":{"line":67,"column":54},"end":{"line":68,"column":8}}},"12":{"name":"componentWillUnmount","line":80,"loc":{"start":{"line":80,"column":67},"end":{"line":83,"column":8}}},"13":{"name":"validateConfigOptions","line":91,"loc":{"start":{"line":91,"column":54},"end":{"line":92,"column":8}}},"14":{"name":"getPlankContainerWidth","line":99,"loc":{"start":{"line":99,"column":55},"end":{"line":100,"column":8}}},"15":{"name":"getCurrentBreakpointKey","line":107,"loc":{"start":{"line":107,"column":56},"end":{"line":108,"column":8}}},"16":{"name":"(anonymous_16)","line":120,"loc":{"start":{"line":120,"column":28},"end":{"line":120,"column":70}}},"17":{"name":"(anonymous_17)","line":125,"loc":{"start":{"line":125,"column":43},"end":{"line":125,"column":85}}},"18":{"name":"getSinglePlankWidths","line":141,"loc":{"start":{"line":141,"column":53},"end":{"line":142,"column":43}}},"19":{"name":"handleAllHiddenPlanksRendered","line":170,"loc":{"start":{"line":170,"column":62},"end":{"line":171,"column":8}}},"20":{"name":"handleResize","line":188,"loc":{"start":{"line":188,"column":45},"end":{"line":189,"column":8}}},"21":{"name":"receiveChildHeight","line":233,"loc":{"start":{"line":233,"column":51},"end":{"line":234,"column":26}}},"22":{"name":"setPlankPositioning","line":285,"loc":{"start":{"line":285,"column":52},"end":{"line":286,"column":8}}},"23":{"name":"(anonymous_23)","line":330,"loc":{"start":{"line":330,"column":54},"end":{"line":330,"column":101}}},"24":{"name":"getPlankStyles","line":338,"loc":{"start":{"line":338,"column":91},"end":{"line":342,"column":15}}},"25":{"name":"render","line":366,"loc":{"start":{"line":366,"column":39},"end":{"line":367,"column":8}}},"26":{"name":"(anonymous_26)","line":378,"loc":{"start":{"line":378,"column":49},"end":{"line":378,"column":73}}},"27":{"name":"(anonymous_27)","line":382,"loc":{"start":{"line":382,"column":20},"end":{"line":382,"column":58}},"skip":true},"28":{"name":"ref","line":402,"loc":{"start":{"line":402,"column":162},"end":{"line":402,"column":230}}}},"statementMap":{"1":{"start":{"line":1,"column":39},"end":{"line":1,"column":101},"skip":true},"2":{"start":{"line":1,"column":101},"end":{"line":1,"column":650}},"3":{"start":{"line":1,"column":133},"end":{"line":1,"column":441}},"4":{"start":{"line":1,"column":175},"end":{"line":1,"column":440}},"5":{"start":{"line":1,"column":215},"end":{"line":1,"column":241}},"6":{"start":{"line":1,"column":241},"end":{"line":1,"column":296}},"7":{"start":{"line":1,"column":296},"end":{"line":1,"column":327}},"8":{"start":{"line":1,"column":327},"end":{"line":1,"column":381}},"9":{"start":{"line":1,"column":354},"end":{"line":1,"column":381}},"10":{"start":{"line":1,"column":381},"end":{"line":1,"column":439}},"11":{"start":{"line":1,"column":441},"end":{"line":1,"column":646}},"12":{"start":{"line":1,"column":497},"end":{"line":1,"column":565}},"13":{"start":{"line":1,"column":513},"end":{"line":1,"column":565}},"14":{"start":{"line":1,"column":565},"end":{"line":1,"column":625}},"15":{"start":{"line":1,"column":582},"end":{"line":1,"column":625}},"16":{"start":{"line":1,"column":625},"end":{"line":1,"column":644}},"17":{"start":{"line":1,"column":650},"end":{"line":1,"column":706}},"18":{"start":{"line":1,"column":733},"end":{"line":1,"column":778}},"19":{"start":{"line":2,"column":0},"end":{"line":2,"column":58}},"20":{"start":{"line":2,"column":85},"end":{"line":2,"column":130}},"21":{"start":{"line":2,"column":130},"end":{"line":2,"column":223}},"22":{"start":{"line":2,"column":168},"end":{"line":2,"column":222}},"23":{"start":{"line":2,"column":223},"end":{"line":2,"column":372}},"24":{"start":{"line":2,"column":272},"end":{"line":2,"column":371}},"25":{"start":{"line":2,"column":313},"end":{"line":2,"column":370}},"26":{"start":{"line":2,"column":372},"end":{"line":2,"column":607}},"27":{"start":{"line":2,"column":421},"end":{"line":2,"column":520}},"28":{"start":{"line":2,"column":433},"end":{"line":2,"column":519}},"29":{"start":{"line":2,"column":520},"end":{"line":2,"column":606}},"30":{"start":{"line":2,"column":607},"end":{"line":2,"column":1095}},"31":{"start":{"line":2,"column":649},"end":{"line":2,"column":812}},"32":{"start":{"line":2,"column":711},"end":{"line":2,"column":811}},"33":{"start":{"line":2,"column":812},"end":{"line":2,"column":976}},"34":{"start":{"line":2,"column":976},"end":{"line":2,"column":1094}},"35":{"start":{"line":2,"column":992},"end":{"line":2,"column":1094}},"36":{"start":{"line":8,"column":3},"end":{"line":402,"column":384}},"37":{"start":{"line":9,"column":38},"end":{"line":9,"column":74}},"38":{"start":{"line":10,"column":4},"end":{"line":31,"column":51}},"39":{"start":{"line":10,"column":80},"end":{"line":10,"column":110}},"40":{"start":{"line":10,"column":110},"end":{"line":11,"column":16}},"41":{"start":{"line":13,"column":8},"end":{"line":13,"column":86}},"42":{"start":{"line":21,"column":34},"end":{"line":21,"column":64}},"43":{"start":{"line":23,"column":34},"end":{"line":31,"column":10}},"44":{"start":{"line":31,"column":37},"end":{"line":31,"column":50}},"45":{"start":{"line":38,"column":7},"end":{"line":402,"column":314}},"46":{"start":{"line":41,"column":12},"end":{"line":41,"column":63}},"47":{"start":{"line":42,"column":12},"end":{"line":42,"column":72}},"48":{"start":{"line":43,"column":12},"end":{"line":43,"column":62}},"49":{"start":{"line":50,"column":12},"end":{"line":50,"column":76}},"50":{"start":{"line":52,"column":12},"end":{"line":55,"column":53}},"51":{"start":{"line":60,"column":12},"end":{"line":60,"column":31}},"52":{"start":{"line":70,"column":12},"end":{"line":73,"column":29}},"53":{"start":{"line":73,"column":16},"end":{"line":73,"column":28}},"54":{"start":{"line":75,"column":12},"end":{"line":78,"column":30}},"55":{"start":{"line":78,"column":16},"end":{"line":78,"column":29}},"56":{"start":{"line":80,"column":12},"end":{"line":80,"column":24}},"57":{"start":{"line":101,"column":12},"end":{"line":101,"column":53}},"58":{"start":{"line":109,"column":12},"end":{"line":109,"column":56}},"59":{"start":{"line":110,"column":12},"end":{"line":110,"column":65}},"60":{"start":{"line":111,"column":12},"end":{"line":111,"column":32}},"61":{"start":{"line":116,"column":12},"end":{"line":117,"column":38}},"62":{"start":{"line":117,"column":16},"end":{"line":117,"column":37}},"63":{"start":{"line":120,"column":12},"end":{"line":120,"column":89}},"64":{"start":{"line":120,"column":71},"end":{"line":120,"column":86},"skip":true},"65":{"start":{"line":121,"column":12},"end":{"line":121,"column":62}},"66":{"start":{"line":125,"column":12},"end":{"line":125,"column":115}},"67":{"start":{"line":125,"column":86},"end":{"line":125,"column":112},"skip":true},"68":{"start":{"line":126,"column":12},"end":{"line":127,"column":47}},"69":{"start":{"line":127,"column":16},"end":{"line":127,"column":46}},"70":{"start":{"line":130,"column":12},"end":{"line":130,"column":33}},"71":{"start":{"line":143,"column":12},"end":{"line":143,"column":53}},"72":{"start":{"line":144,"column":12},"end":{"line":144,"column":78}},"73":{"start":{"line":145,"column":12},"end":{"line":145,"column":62}},"74":{"start":{"line":146,"column":12},"end":{"line":146,"column":68}},"75":{"start":{"line":149,"column":12},"end":{"line":150,"column":52}},"76":{"start":{"line":150,"column":16},"end":{"line":150,"column":51}},"77":{"start":{"line":154,"column":12},"end":{"line":154,"column":76}},"78":{"start":{"line":157,"column":12},"end":{"line":157,"column":64}},"79":{"start":{"line":158,"column":12},"end":{"line":158,"column":75}},"80":{"start":{"line":159,"column":12},"end":{"line":159,"column":115}},"81":{"start":{"line":162,"column":12},"end":{"line":162,"column":59}},"82":{"start":{"line":164,"column":12},"end":{"line":164,"column":31}},"83":{"start":{"line":172,"column":12},"end":{"line":172,"column":62}},"84":{"start":{"line":175,"column":12},"end":{"line":176,"column":64}},"85":{"start":{"line":176,"column":16},"end":{"line":176,"column":63}},"86":{"start":{"line":178,"column":12},"end":{"line":178,"column":82}},"87":{"start":{"line":179,"column":12},"end":{"line":179,"column":65}},"88":{"start":{"line":180,"column":12},"end":{"line":180,"column":24}},"89":{"start":{"line":190,"column":12},"end":{"line":190,"column":63}},"90":{"start":{"line":196,"column":12},"end":{"line":224,"column":58}},"91":{"start":{"line":198,"column":16},"end":{"line":198,"column":67}},"92":{"start":{"line":201,"column":16},"end":{"line":201,"column":66}},"93":{"start":{"line":202,"column":16},"end":{"line":202,"column":91}},"94":{"start":{"line":206,"column":16},"end":{"line":206,"column":46}},"95":{"start":{"line":207,"column":16},"end":{"line":213,"column":17}},"96":{"start":{"line":208,"column":20},"end":{"line":210,"column":58}},"97":{"start":{"line":212,"column":20},"end":{"line":212,"column":27}},"98":{"start":{"line":215,"column":16},"end":{"line":217,"column":40}},"99":{"start":{"line":220,"column":16},"end":{"line":224,"column":57}},"100":{"start":{"line":235,"column":12},"end":{"line":235,"column":55}},"101":{"start":{"line":236,"column":12},"end":{"line":236,"column":62}},"102":{"start":{"line":237,"column":12},"end":{"line":237,"column":67}},"103":{"start":{"line":242,"column":12},"end":{"line":243,"column":62}},"104":{"start":{"line":243,"column":16},"end":{"line":243,"column":61}},"105":{"start":{"line":249,"column":12},"end":{"line":249,"column":85}},"106":{"start":{"line":251,"column":12},"end":{"line":251,"column":71}},"107":{"start":{"line":253,"column":12},"end":{"line":253,"column":58}},"108":{"start":{"line":255,"column":12},"end":{"line":258,"column":36}},"109":{"start":{"line":257,"column":16},"end":{"line":257,"column":43}},"110":{"start":{"line":258,"column":16},"end":{"line":258,"column":35}},"111":{"start":{"line":262,"column":12},"end":{"line":262,"column":121}},"112":{"start":{"line":265,"column":12},"end":{"line":268,"column":41}},"113":{"start":{"line":266,"column":16},"end":{"line":268,"column":40}},"114":{"start":{"line":273,"column":12},"end":{"line":275,"column":77}},"115":{"start":{"line":274,"column":16},"end":{"line":274,"column":43}},"116":{"start":{"line":275,"column":16},"end":{"line":275,"column":76}},"117":{"start":{"line":278,"column":12},"end":{"line":279,"column":53}},"118":{"start":{"line":287,"column":12},"end":{"line":287,"column":57}},"119":{"start":{"line":289,"column":12},"end":{"line":290,"column":63}},"120":{"start":{"line":290,"column":16},"end":{"line":290,"column":62}},"121":{"start":{"line":293,"column":12},"end":{"line":293,"column":86}},"122":{"start":{"line":294,"column":12},"end":{"line":294,"column":35}},"123":{"start":{"line":295,"column":12},"end":{"line":295,"column":38}},"124":{"start":{"line":297,"column":12},"end":{"line":298,"column":62}},"125":{"start":{"line":298,"column":16},"end":{"line":298,"column":61}},"126":{"start":{"line":303,"column":38},"end":{"line":303,"column":48}},"127":{"start":{"line":303,"column":75},"end":{"line":303,"column":87}},"128":{"start":{"line":303,"column":114},"end":{"line":303,"column":127}},"129":{"start":{"line":304,"column":12},"end":{"line":304,"column":79}},"130":{"start":{"line":305,"column":12},"end":{"line":305,"column":64}},"131":{"start":{"line":306,"column":12},"end":{"line":306,"column":62}},"132":{"start":{"line":307,"column":12},"end":{"line":307,"column":75}},"133":{"start":{"line":308,"column":12},"end":{"line":326,"column":37}},"134":{"start":{"line":309,"column":16},"end":{"line":309,"column":88}},"135":{"start":{"line":310,"column":16},"end":{"line":310,"column":39}},"136":{"start":{"line":311,"column":16},"end":{"line":311,"column":76}},"137":{"start":{"line":312,"column":16},"end":{"line":312,"column":98}},"138":{"start":{"line":313,"column":16},"end":{"line":313,"column":95}},"139":{"start":{"line":314,"column":16},"end":{"line":314,"column":101}},"140":{"start":{"line":316,"column":16},"end":{"line":318,"column":39}},"141":{"start":{"line":321,"column":16},"end":{"line":321,"column":76}},"142":{"start":{"line":322,"column":16},"end":{"line":322,"column":63}},"143":{"start":{"line":323,"column":16},"end":{"line":323,"column":63}},"144":{"start":{"line":325,"column":16},"end":{"line":326,"column":36}},"145":{"start":{"line":326,"column":20},"end":{"line":326,"column":35}},"146":{"start":{"line":330,"column":12},"end":{"line":330,"column":136}},"147":{"start":{"line":330,"column":102},"end":{"line":330,"column":133},"skip":true},"148":{"start":{"line":331,"column":12},"end":{"line":331,"column":63}},"149":{"start":{"line":333,"column":12},"end":{"line":333,"column":81}},"150":{"start":{"line":334,"column":12},"end":{"line":334,"column":73}},"151":{"start":{"line":336,"column":12},"end":{"line":338,"column":54}},"152":{"start":{"line":343,"column":12},"end":{"line":358,"column":55}},"153":{"start":{"line":345,"column":16},"end":{"line":348,"column":109}},"154":{"start":{"line":351,"column":16},"end":{"line":351,"column":101}},"155":{"start":{"line":353,"column":16},"end":{"line":358,"column":54}},"156":{"start":{"line":367,"column":35},"end":{"line":367,"column":53}},"157":{"start":{"line":371,"column":12},"end":{"line":373,"column":39}},"158":{"start":{"line":375,"column":12},"end":{"line":375,"column":58}},"159":{"start":{"line":377,"column":12},"end":{"line":398,"column":46}},"160":{"start":{"line":378,"column":16},"end":{"line":393,"column":35}},"161":{"start":{"line":379,"column":20},"end":{"line":379,"column":88}},"162":{"start":{"line":380,"column":20},"end":{"line":382,"column":73}},"163":{"start":{"line":382,"column":59},"end":{"line":382,"column":71},"skip":true},"164":{"start":{"line":384,"column":20},"end":{"line":393,"column":32}},"165":{"start":{"line":398,"column":16},"end":{"line":398,"column":45}},"166":{"start":{"line":401,"column":12},"end":{"line":402,"column":308}},"167":{"start":{"line":402,"column":231},"end":{"line":402,"column":294},"skip":true},"168":{"start":{"line":402,"column":314},"end":{"line":402,"column":328}},"169":{"start":{"line":402,"column":411},"end":{"line":402,"column":436}},"170":{"start":{"line":407,"column":0},"end":{"line":407,"column":91}},"171":{"start":{"line":408,"column":0},"end":{"line":418,"column":30}}},"branchMap":{"1":{"line":1,"type":"binary-expr","locations":[{"start":{"line":1,"column":265},"end":{"line":1,"column":286}},{"start":{"line":1,"column":290},"end":{"line":1,"column":295}}]},"2":{"line":1,"type":"if","locations":[{"start":{"line":1,"column":327},"end":{"line":1,"column":327}},{"start":{"line":1,"column":327},"end":{"line":1,"column":327}}]},"3":{"line":1,"type":"if","locations":[{"start":{"line":1,"column":497},"end":{"line":1,"column":497}},{"start":{"line":1,"column":497},"end":{"line":1,"column":497}}]},"4":{"line":1,"type":"if","locations":[{"start":{"line":1,"column":565},"end":{"line":1,"column":565}},{"start":{"line":1,"column":565},"end":{"line":1,"column":565}}]},"5":{"line":2,"type":"cond-expr","locations":[{"start":{"line":2,"column":199},"end":{"line":2,"column":202}},{"start":{"line":2,"column":205},"end":{"line":2,"column":221}}]},"6":{"line":2,"type":"binary-expr","locations":[{"start":{"line":2,"column":175},"end":{"line":2,"column":178}},{"start":{"line":2,"column":182},"end":{"line":2,"column":196}}]},"7":{"line":2,"type":"if","locations":[{"start":{"line":2,"column":272},"end":{"line":2,"column":272}},{"start":{"line":2,"column":272},"end":{"line":2,"column":272}}]},"8":{"line":2,"type":"if","locations":[{"start":{"line":2,"column":421},"end":{"line":2,"column":421}},{"start":{"line":2,"column":421},"end":{"line":2,"column":421}}]},"9":{"line":2,"type":"cond-expr","locations":[{"start":{"line":2,"column":594},"end":{"line":2,"column":598}},{"start":{"line":2,"column":601},"end":{"line":2,"column":605}}]},"10":{"line":2,"type":"binary-expr","locations":[{"start":{"line":2,"column":527},"end":{"line":2,"column":531}},{"start":{"line":2,"column":536},"end":{"line":2,"column":560}},{"start":{"line":2,"column":564},"end":{"line":2,"column":590}}]},"11":{"line":2,"type":"if","locations":[{"start":{"line":2,"column":649},"end":{"line":2,"column":649}},{"start":{"line":2,"column":649},"end":{"line":2,"column":649}}]},"12":{"line":2,"type":"binary-expr","locations":[{"start":{"line":2,"column":653},"end":{"line":2,"column":685}},{"start":{"line":2,"column":689},"end":{"line":2,"column":708}}]},"13":{"line":2,"type":"binary-expr","locations":[{"start":{"line":2,"column":847},"end":{"line":2,"column":857}},{"start":{"line":2,"column":861},"end":{"line":2,"column":881}}]},"14":{"line":2,"type":"if","locations":[{"start":{"line":2,"column":976},"end":{"line":2,"column":976}},{"start":{"line":2,"column":976},"end":{"line":2,"column":976}}]},"15":{"line":2,"type":"cond-expr","locations":[{"start":{"line":2,"column":1016},"end":{"line":2,"column":1059}},{"start":{"line":2,"column":1062},"end":{"line":2,"column":1093}}]},"16":{"line":70,"type":"if","locations":[{"start":{"line":70,"column":12},"end":{"line":70,"column":12}},{"start":{"line":70,"column":12},"end":{"line":70,"column":12}}]},"17":{"line":70,"type":"binary-expr","locations":[{"start":{"line":70,"column":16},"end":{"line":70,"column":72}},{"start":{"line":71,"column":12},"end":{"line":71,"column":89}}]},"18":{"line":75,"type":"if","locations":[{"start":{"line":75,"column":12},"end":{"line":75,"column":12}},{"start":{"line":75,"column":12},"end":{"line":75,"column":12}}]},"19":{"line":75,"type":"binary-expr","locations":[{"start":{"line":75,"column":16},"end":{"line":75,"column":72}},{"start":{"line":76,"column":12},"end":{"line":76,"column":79}}]},"20":{"line":126,"type":"if","locations":[{"start":{"line":126,"column":12},"end":{"line":126,"column":12}},{"start":{"line":126,"column":12},"end":{"line":126,"column":12}}]},"21":{"line":144,"type":"binary-expr","locations":[{"start":{"line":144,"column":32},"end":{"line":144,"column":49}},{"start":{"line":144,"column":53},"end":{"line":144,"column":77}}]},"22":{"line":149,"type":"if","locations":[{"start":{"line":149,"column":12},"end":{"line":149,"column":12}},{"start":{"line":149,"column":12},"end":{"line":149,"column":12}}]},"23":{"line":149,"type":"binary-expr","locations":[{"start":{"line":149,"column":16},"end":{"line":149,"column":43}},{"start":{"line":149,"column":47},"end":{"line":149,"column":85}}]},"24":{"line":158,"type":"cond-expr","locations":[{"start":{"line":158,"column":68},"end":{"line":158,"column":70}},{"start":{"line":158,"column":73},"end":{"line":158,"column":74}}]},"25":{"line":175,"type":"if","locations":[{"start":{"line":175,"column":12},"end":{"line":175,"column":12}},{"start":{"line":175,"column":12},"end":{"line":175,"column":12}}]},"26":{"line":196,"type":"if","locations":[{"start":{"line":196,"column":12},"end":{"line":196,"column":12}},{"start":{"line":196,"column":12},"end":{"line":196,"column":12}}]},"27":{"line":207,"type":"if","locations":[{"start":{"line":207,"column":16},"end":{"line":207,"column":16}},{"start":{"line":207,"column":16},"end":{"line":207,"column":16}}]},"28":{"line":242,"type":"if","locations":[{"start":{"line":242,"column":12},"end":{"line":242,"column":12}},{"start":{"line":242,"column":12},"end":{"line":242,"column":12}}]},"29":{"line":249,"type":"binary-expr","locations":[{"start":{"line":249,"column":31},"end":{"line":249,"column":75}},{"start":{"line":249,"column":79},"end":{"line":249,"column":84}}]},"30":{"line":255,"type":"if","locations":[{"start":{"line":255,"column":12},"end":{"line":255,"column":12}},{"start":{"line":255,"column":12},"end":{"line":255,"column":12}}]},"31":{"line":255,"type":"binary-expr","locations":[{"start":{"line":255,"column":16},"end":{"line":255,"column":28}},{"start":{"line":255,"column":32},"end":{"line":255,"column":98}}]},"32":{"line":265,"type":"if","locations":[{"start":{"line":265,"column":12},"end":{"line":265,"column":12}},{"start":{"line":265,"column":12},"end":{"line":265,"column":12}}]},"33":{"line":273,"type":"if","locations":[{"start":{"line":273,"column":12},"end":{"line":273,"column":12}},{"start":{"line":273,"column":12},"end":{"line":273,"column":12}}]},"34":{"line":289,"type":"if","locations":[{"start":{"line":289,"column":12},"end":{"line":289,"column":12}},{"start":{"line":289,"column":12},"end":{"line":289,"column":12}}]},"35":{"line":307,"type":"cond-expr","locations":[{"start":{"line":307,"column":68},"end":{"line":307,"column":70}},{"start":{"line":307,"column":73},"end":{"line":307,"column":74}}]},"36":{"line":325,"type":"if","locations":[{"start":{"line":325,"column":16},"end":{"line":325,"column":16}},{"start":{"line":325,"column":16},"end":{"line":325,"column":16}}]},"37":{"line":330,"type":"cond-expr","locations":[{"start":{"line":330,"column":122},"end":{"line":330,"column":126},"skip":true},{"start":{"line":330,"column":129},"end":{"line":330,"column":132},"skip":true}]},"38":{"line":343,"type":"if","locations":[{"start":{"line":343,"column":12},"end":{"line":343,"column":12}},{"start":{"line":343,"column":12},"end":{"line":343,"column":12}}]},"39":{"line":343,"type":"binary-expr","locations":[{"start":{"line":343,"column":16},"end":{"line":343,"column":72}},{"start":{"line":344,"column":12},"end":{"line":344,"column":79}}]},"40":{"line":377,"type":"if","locations":[{"start":{"line":377,"column":12},"end":{"line":377,"column":12}},{"start":{"line":377,"column":12},"end":{"line":377,"column":12}}]},"41":{"line":380,"type":"cond-expr","locations":[{"start":{"line":381,"column":46},"end":{"line":381,"column":122}},{"start":{"line":382,"column":20},"end":{"line":382,"column":72},"skip":true}]}},"l":{"1":13,"2":2,"8":1,"9":1,"10":1,"13":0,"21":0,"23":0,"31":0,"38":1,"41":0,"42":0,"43":0,"50":0,"52":0,"60":0,"70":0,"73":0,"75":0,"78":0,"80":0,"101":0,"109":0,"110":0,"111":0,"116":0,"117":0,"120":1,"121":0,"125":1,"126":0,"127":0,"130":0,"143":0,"144":0,"145":0,"146":0,"149":0,"150":0,"154":0,"157":0,"158":0,"159":0,"162":0,"164":0,"172":0,"175":0,"176":0,"178":0,"179":0,"180":0,"190":0,"196":0,"198":0,"201":0,"202":0,"206":0,"207":0,"208":0,"212":0,"215":0,"220":0,"235":0,"236":0,"237":0,"242":0,"243":0,"249":0,"251":0,"253":0,"255":0,"257":0,"258":0,"262":0,"265":0,"266":0,"273":0,"274":0,"275":0,"278":0,"287":0,"289":0,"290":0,"293":0,"294":0,"295":0,"297":0,"298":0,"303":0,"304":0,"305":0,"306":0,"307":0,"308":0,"309":0,"310":0,"311":0,"312":0,"313":0,"314":0,"316":0,"321":0,"322":0,"323":0,"325":0,"326":0,"330":1,"331":0,"333":0,"334":0,"336":0,"343":0,"345":0,"351":0,"353":0,"367":0,"371":0,"375":0,"377":0,"378":0,"379":0,"380":0,"382":1,"384":0,"398":0,"401":0,"402":1,"407":1,"408":1}},
"/Users/daniel/sandbox/react-planks/src/plank.js":{"path":"/Users/daniel/sandbox/react-planks/src/plank.js","s":{"1":1,"2":1,"3":1,"4":1,"5":10,"6":10,"7":10,"8":10,"9":10,"10":10,"11":1,"12":1,"13":1,"14":1,"15":0,"16":1,"17":1,"18":1,"19":1,"20":1,"21":1,"22":0,"23":0,"24":1,"25":0,"26":0,"27":0,"28":1,"29":1,"30":0,"31":1,"32":1,"33":1,"34":1,"35":1,"36":1,"37":0,"38":0,"39":0,"40":0,"41":1,"42":0,"43":0,"44":0,"45":0,"46":0,"47":0,"48":0,"49":0,"50":0,"51":0,"52":0,"53":0,"54":0,"55":0,"56":0,"57":0,"58":0,"59":0,"60":0,"61":0,"62":0,"63":0,"64":0,"65":0,"66":0,"67":0,"68":1,"69":1},"b":{"1":[10,10],"2":[10,0],"3":[1,0],"4":[0,1],"5":[0,1],"6":[1,1],"7":[0,0],"8":[0,0],"9":[0,0],"10":[0,0,0],"11":[0,1],"12":[1,0],"13":[1,1],"14":[1,0],"15":[1,0],"16":[0,0],"17":[0,0],"18":[0,0],"19":[0,0],"20":[0,0],"21":[0,0],"22":[0,0]},"f":{"1":1,"2":1,"3":1,"4":1,"5":0,"6":0,"7":1,"8":1,"9":0,"10":0,"11":0,"12":0,"13":0,"14":0,"15":0,"16":0,"17":0,"18":0,"19":0,"20":0,"21":0},"fnMap":{"1":{"name":"(anonymous_1)","line":1,"loc":{"start":{"line":1,"column":120},"end":{"line":1,"column":132}}},"2":{"name":"defineProperties","line":1,"loc":{"start":{"line":1,"column":133},"end":{"line":1,"column":174}}},"3":{"name":"(anonymous_3)","line":1,"loc":{"start":{"line":1,"column":448},"end":{"line":1,"column":496}}},"4":{"name":"_interopRequireDefault","line":1,"loc":{"start":{"line":1,"column":778},"end":{"line":1,"column":815}}},"5":{"name":"_classCallCheck","line":1,"loc":{"start":{"line":1,"column":871},"end":{"line":1,"column":919}}},"6":{"name":"_possibleConstructorReturn","line":1,"loc":{"start":{"line":1,"column":1020},"end":{"line":1,"column":1068}}},"7":{"name":"_inherits","line":1,"loc":{"start":{"line":1,"column":1255},"end":{"line":1,"column":1296}}},"8":{"name":"(anonymous_8)","line":3,"loc":{"start":{"line":3,"column":8},"end":{"line":3,"column":36}}},"9":{"name":"Plank","line":4,"loc":{"start":{"line":4,"column":4},"end":{"line":4,"column":52}}},"10":{"name":"componentDidMount","line":19,"loc":{"start":{"line":19,"column":63},"end":{"line":20,"column":8}}},"11":{"name":"componentWillReceiveProps","line":22,"loc":{"start":{"line":22,"column":88},"end":{"line":26,"column":19}}},"12":{"name":"componentDidUpdate","line":41,"loc":{"start":{"line":41,"column":51},"end":{"line":42,"column":30}}},"13":{"name":"previouslyRendered","line":61,"loc":{"start":{"line":61,"column":51},"end":{"line":62,"column":8}}},"14":{"name":"updateBreakpointRenderings","line":63,"loc":{"start":{"line":63,"column":136},"end":{"line":66,"column":8}}},"15":{"name":"handleHeightSet","line":70,"loc":{"start":{"line":70,"column":118},"end":{"line":73,"column":8}}},"16":{"name":"(anonymous_16)","line":74,"loc":{"start":{"line":74,"column":41},"end":{"line":74,"column":53}}},"17":{"name":"sendHeightToPlanksContainer","line":78,"loc":{"start":{"line":78,"column":132},"end":{"line":82,"column":8}}},"18":{"name":"handleImageLoad","line":83,"loc":{"start":{"line":83,"column":122},"end":{"line":86,"column":8}}},"19":{"name":"handleImageLoadError","line":94,"loc":{"start":{"line":94,"column":53},"end":{"line":95,"column":8}}},"20":{"name":"render","line":105,"loc":{"start":{"line":105,"column":39},"end":{"line":106,"column":8}}},"21":{"name":"ref","line":115,"loc":{"start":{"line":115,"column":25},"end":{"line":115,"column":93}}}},"statementMap":{"1":{"start":{"line":1,"column":39},"end":{"line":1,"column":101},"skip":true},"2":{"start":{"line":1,"column":101},"end":{"line":1,"column":650}},"3":{"start":{"line":1,"column":133},"end":{"line":1,"column":441}},"4":{"start":{"line":1,"column":175},"end":{"line":1,"column":440}},"5":{"start":{"line":1,"column":215},"end":{"line":1,"column":241}},"6":{"start":{"line":1,"column":241},"end":{"line":1,"column":296}},"7":{"start":{"line":1,"column":296},"end":{"line":1,"column":327}},"8":{"start":{"line":1,"column":327},"end":{"line":1,"column":381}},"9":{"start":{"line":1,"column":354},"end":{"line":1,"column":381}},"10":{"start":{"line":1,"column":381},"end":{"line":1,"column":439}},"11":{"start":{"line":1,"column":441},"end":{"line":1,"column":646}},"12":{"start":{"line":1,"column":497},"end":{"line":1,"column":565}},"13":{"start":{"line":1,"column":513},"end":{"line":1,"column":565}},"14":{"start":{"line":1,"column":565},"end":{"line":1,"column":625}},"15":{"start":{"line":1,"column":582},"end":{"line":1,"column":625}},"16":{"start":{"line":1,"column":625},"end":{"line":1,"column":644}},"17":{"start":{"line":1,"column":650},"end":{"line":1,"column":706}},"18":{"start":{"line":1,"column":733},"end":{"line":1,"column":778}},"19":{"start":{"line":1,"column":778},"end":{"line":1,"column":871}},"20":{"start":{"line":1,"column":816},"end":{"line":1,"column":870}},"21":{"start":{"line":1,"column":871},"end":{"line":1,"column":1020}},"22":{"start":{"line":1,"column":920},"end":{"line":1,"column":1019}},"23":{"start":{"line":1,"column":961},"end":{"line":1,"column":1018}},"24":{"start":{"line":1,"column":1020},"end":{"line":1,"column":1255}},"25":{"start":{"line":1,"column":1069},"end":{"line":1,"column":1168}},"26":{"start":{"line":1,"column":1081},"end":{"line":1,"column":1167}},"27":{"start":{"line":1,"column":1168},"end":{"line":1,"column":1254}},"28":{"start":{"line":1,"column":1255},"end":{"line":1,"column":1743}},"29":{"start":{"line":1,"column":1297},"end":{"line":1,"column":1460}},"30":{"start":{"line":1,"column":1359},"end":{"line":1,"column":1459}},"31":{"start":{"line":1,"column":1460},"end":{"line":1,"column":1624}},"32":{"start":{"line":1,"column":1624},"end":{"line":1,"column":1742}},"33":{"start":{"line":1,"column":1640},"end":{"line":1,"column":1742}},"34":{"start":{"line":1,"column":1743},"end":{"line":117,"column":113}},"35":{"start":{"line":3,"column":37},"end":{"line":3,"column":72}},"36":{"start":{"line":4,"column":4},"end":{"line":12,"column":79}},"37":{"start":{"line":4,"column":79},"end":{"line":4,"column":108}},"38":{"start":{"line":10,"column":8},"end":{"line":10,"column":101}},"39":{"start":{"line":10,"column":128},"end":{"line":12,"column":38}},"40":{"start":{"line":12,"column":65},"end":{"line":12,"column":78}},"41":{"start":{"line":19,"column":7},"end":{"line":117,"column":44}},"42":{"start":{"line":21,"column":12},"end":{"line":22,"column":40}},"43":{"start":{"line":22,"column":16},"end":{"line":22,"column":39}},"44":{"start":{"line":28,"column":12},"end":{"line":34,"column":24}},"45":{"start":{"line":30,"column":16},"end":{"line":30,"column":68}},"46":{"start":{"line":31,"column":16},"end":{"line":34,"column":23}},"47":{"start":{"line":32,"column":20},"end":{"line":34,"column":21}},"48":{"start":{"line":43,"column":12},"end":{"line":45,"column":13}},"49":{"start":{"line":44,"column":16},"end":{"line":44,"column":23}},"50":{"start":{"line":47,"column":12},"end":{"line":55,"column":18}},"51":{"start":{"line":48,"column":16},"end":{"line":55,"column":17}},"52":{"start":{"line":49,"column":20},"end":{"line":49,"column":54}},"53":{"start":{"line":51,"column":20},"end":{"line":51,"column":55}},"54":{"start":{"line":63,"column":12},"end":{"line":63,"column":87}},"55":{"start":{"line":67,"column":12},"end":{"line":67,"column":77}},"56":{"start":{"line":69,"column":12},"end":{"line":69,"column":70}},"57":{"start":{"line":70,"column":12},"end":{"line":70,"column":80}},"58":{"start":{"line":73,"column":35},"end":{"line":73,"column":53}},"59":{"start":{"line":74,"column":12},"end":{"line":78,"column":82}},"60":{"start":{"line":77,"column":42},"end":{"line":77,"column":78}},"61":{"start":{"line":78,"column":42},"end":{"line":78,"column":79}},"62":{"start":{"line":83,"column":12},"end":{"line":83,"column":84}},"63":{"start":{"line":88,"column":12},"end":{"line":88,"column":47}},"64":{"start":{"line":97,"column":12},"end":{"line":97,"column":47}},"65":{"start":{"line":106,"column":35},"end":{"line":106,"column":53}},"66":{"start":{"line":109,"column":12},"end":{"line":117,"column":38}},"67":{"start":{"line":115,"column":94},"end":{"line":115,"column":146},"skip":true},"68":{"start":{"line":117,"column":44},"end":{"line":117,"column":57}},"69":{"start":{"line":117,"column":140},"end":{"line":117,"column":164}}},"branchMap":{"1":{"line":1,"type":"binary-expr","locations":[{"start":{"line":1,"column":265},"end":{"line":1,"column":286}},{"start":{"line":1,"column":290},"end":{"line":1,"column":295}}]},"2":{"line":1,"type":"if","locations":[{"start":{"line":1,"column":327},"end":{"line":1,"column":327}},{"start":{"line":1,"column":327},"end":{"line":1,"column":327}}]},"3":{"line":1,"type":"if","locations":[{"start":{"line":1,"column":497},"end":{"line":1,"column":497}},{"start":{"line":1,"column":497},"end":{"line":1,"column":497}}]},"4":{"line":1,"type":"if","locations":[{"start":{"line":1,"column":565},"end":{"line":1,"column":565}},{"start":{"line":1,"column":565},"end":{"line":1,"column":565}}]},"5":{"line":1,"type":"cond-expr","locations":[{"start":{"line":1,"column":847},"end":{"line":1,"column":850}},{"start":{"line":1,"column":853},"end":{"line":1,"column":869}}]},"6":{"line":1,"type":"binary-expr","locations":[{"start":{"line":1,"column":823},"end":{"line":1,"column":826}},{"start":{"line":1,"column":830},"end":{"line":1,"column":844}}]},"7":{"line":1,"type":"if","locations":[{"start":{"line":1,"column":920},"end":{"line":1,"column":920}},{"start":{"line":1,"column":920},"end":{"line":1,"column":920}}]},"8":{"line":1,"type":"if","locations":[{"start":{"line":1,"column":1069},"end":{"line":1,"column":1069}},{"start":{"line":1,"column":1069},"end":{"line":1,"column":1069}}]},"9":{"line":1,"type":"cond-expr","locations":[{"start":{"line":1,"column":1242},"end":{"line":1,"column":1246}},{"start":{"line":1,"column":1249},"end":{"line":1,"column":1253}}]},"10":{"line":1,"type":"binary-expr","locations":[{"start":{"line":1,"column":1175},"end":{"line":1,"column":1179}},{"start":{"line":1,"column":1184},"end":{"line":1,"column":1208}},{"start":{"line":1,"column":1212},"end":{"line":1,"column":1238}}]},"11":{"line":1,"type":"if","locations":[{"start":{"line":1,"column":1297},"end":{"line":1,"column":1297}},{"start":{"line":1,"column":1297},"end":{"line":1,"column":1297}}]},"12":{"line":1,"type":"binary-expr","locations":[{"start":{"line":1,"column":1301},"end":{"line":1,"column":1333}},{"start":{"line":1,"column":1337},"end":{"line":1,"column":1356}}]},"13":{"line":1,"type":"binary-expr","locations":[{"start":{"line":1,"column":1495},"end":{"line":1,"column":1505}},{"start":{"line":1,"column":1509},"end":{"line":1,"column":1529}}]},"14":{"line":1,"type":"if","locations":[{"start":{"line":1,"column":1624},"end":{"line":1,"column":1624}},{"start":{"line":1,"column":1624},"end":{"line":1,"column":1624}}]},"15":{"line":1,"type":"cond-expr","locations":[{"start":{"line":1,"column":1664},"end":{"line":1,"column":1707}},{"start":{"line":1,"column":1710},"end":{"line":1,"column":1741}}]},"16":{"line":21,"type":"if","locations":[{"start":{"line":21,"column":12},"end":{"line":21,"column":12}},{"start":{"line":21,"column":12},"end":{"line":21,"column":12}}]},"17":{"line":28,"type":"if","locations":[{"start":{"line":28,"column":12},"end":{"line":28,"column":12}},{"start":{"line":28,"column":12},"end":{"line":28,"column":12}}]},"18":{"line":31,"type":"if","locations":[{"start":{"line":31,"column":16},"end":{"line":31,"column":16}},{"start":{"line":31,"column":16},"end":{"line":31,"column":16}}]},"19":{"line":32,"type":"if","locations":[{"start":{"line":32,"column":20},"end":{"line":32,"column":20}},{"start":{"line":32,"column":20},"end":{"line":32,"column":20}}]},"20":{"line":43,"type":"if","locations":[{"start":{"line":43,"column":12},"end":{"line":43,"column":12}},{"start":{"line":43,"column":12},"end":{"line":43,"column":12}}]},"21":{"line":47,"type":"if","locations":[{"start":{"line":47,"column":12},"end":{"line":47,"column":12}},{"start":{"line":47,"column":12},"end":{"line":47,"column":12}}]},"22":{"line":48,"type":"if","locations":[{"start":{"line":48,"column":16},"end":{"line":48,"column":16}},{"start":{"line":48,"column":16},"end":{"line":48,"column":16}}]}},"l":{"1":10,"3":1,"4":1,"10":0,"12":0,"19":1,"21":0,"22":0,"28":0,"30":0,"31":0,"32":0,"43":0,"44":0,"47":0,"48":0,"49":0,"51":0,"63":0,"67":0,"69":0,"70":0,"73":0,"74":0,"77":0,"78":0,"83":0,"88":0,"97":0,"106":0,"109":0,"115":1,"117":1}}}
