TN:
SF:/Users/daniel/sandbox/react-planks/src/planks.js
FN:1,(anonymous_1)
FN:1,defineProperties
FN:1,(anonymous_3)
FN:2,_interopRequireDefault
FN:2,_classCallCheck
FN:2,_possibleConstructorReturn
FN:2,_inherits
FN:9,(anonymous_8)
FN:10,Planks
FN:38,componentDidMount
FN:67,shouldComponentUpdate
FN:80,componentWillUnmount
FN:91,validateConfigOptions
FN:99,getPlankContainerWidth
FN:107,getCurrentBreakpointKey
FN:120,(anonymous_16)
FN:125,(anonymous_17)
FN:141,getSinglePlankWidths
FN:170,handleAllHiddenPlanksRendered
FN:188,handleResize
FN:233,receiveChildHeight
FN:285,setPlankPositioning
FN:330,(anonymous_23)
FN:338,getPlankStyles
FN:366,render
FN:378,(anonymous_26)
FN:382,(anonymous_27)
FN:402,ref
FNF:28
FNH:7
FNDA:1,(anonymous_1)
FNDA:1,defineProperties
FNDA:1,(anonymous_3)
FNDA:2,_interopRequireDefault
FNDA:0,_classCallCheck
FNDA:0,_possibleConstructorReturn
FNDA:1,_inherits
FNDA:1,(anonymous_8)
FNDA:0,Planks
FNDA:0,componentDidMount
FNDA:0,shouldComponentUpdate
FNDA:0,componentWillUnmount
FNDA:0,validateConfigOptions
FNDA:0,getPlankContainerWidth
FNDA:0,getCurrentBreakpointKey
FNDA:0,(anonymous_16)
FNDA:0,(anonymous_17)
FNDA:0,getSinglePlankWidths
FNDA:0,handleAllHiddenPlanksRendered
FNDA:0,handleResize
FNDA:0,receiveChildHeight
FNDA:0,setPlankPositioning
FNDA:0,(anonymous_23)
FNDA:0,getPlankStyles
FNDA:0,render
FNDA:0,(anonymous_26)
FNDA:0,(anonymous_27)
FNDA:0,ref
DA:1,13
DA:2,2
DA:8,1
DA:9,1
DA:10,1
DA:13,0
DA:21,0
DA:23,0
DA:31,0
DA:38,1
DA:41,0
DA:42,0
DA:43,0
DA:50,0
DA:52,0
DA:60,0
DA:70,0
DA:73,0
DA:75,0
DA:78,0
DA:80,0
DA:101,0
DA:109,0
DA:110,0
DA:111,0
DA:116,0
DA:117,0
DA:120,1
DA:121,0
DA:125,1
DA:126,0
DA:127,0
DA:130,0
DA:143,0
DA:144,0
DA:145,0
DA:146,0
DA:149,0
DA:150,0
DA:154,0
DA:157,0
DA:158,0
DA:159,0
DA:162,0
DA:164,0
DA:172,0
DA:175,0
DA:176,0
DA:178,0
DA:179,0
DA:180,0
DA:190,0
DA:196,0
DA:198,0
DA:201,0
DA:202,0
DA:206,0
DA:207,0
DA:208,0
DA:212,0
DA:215,0
DA:220,0
DA:235,0
DA:236,0
DA:237,0
DA:242,0
DA:243,0
DA:249,0
DA:251,0
DA:253,0
DA:255,0
DA:257,0
DA:258,0
DA:262,0
DA:265,0
DA:266,0
DA:273,0
DA:274,0
DA:275,0
DA:278,0
DA:287,0
DA:289,0
DA:290,0
DA:293,0
DA:294,0
DA:295,0
DA:297,0
DA:298,0
DA:303,0
DA:304,0
DA:305,0
DA:306,0
DA:307,0
DA:308,0
DA:309,0
DA:310,0
DA:311,0
DA:312,0
DA:313,0
DA:314,0
DA:316,0
DA:321,0
DA:322,0
DA:323,0
DA:325,0
DA:326,0
DA:330,1
DA:331,0
DA:333,0
DA:334,0
DA:336,0
DA:343,0
DA:345,0
DA:351,0
DA:353,0
DA:367,0
DA:371,0
DA:375,0
DA:377,0
DA:378,0
DA:379,0
DA:380,0
DA:382,1
DA:384,0
DA:398,0
DA:401,0
DA:402,1
DA:407,1
DA:408,1
LF:129
LH:13
BRDA:1,1,0,13
BRDA:1,1,1,13
BRDA:1,2,0,13
BRDA:1,2,1,0
BRDA:1,3,0,1
BRDA:1,3,1,0
BRDA:1,4,0,0
BRDA:1,4,1,1
BRDA:2,5,0,1
BRDA:2,5,1,1
BRDA:2,6,0,2
BRDA:2,6,1,2
BRDA:2,7,0,0
BRDA:2,7,1,0
BRDA:2,8,0,0
BRDA:2,8,1,0
BRDA:2,9,0,0
BRDA:2,9,1,0
BRDA:2,10,0,0
BRDA:2,10,1,0
BRDA:2,10,2,0
BRDA:2,11,0,0
BRDA:2,11,1,1
BRDA:2,12,0,1
BRDA:2,12,1,0
BRDA:2,13,0,1
BRDA:2,13,1,1
BRDA:2,14,0,1
BRDA:2,14,1,0
BRDA:2,15,0,1
BRDA:2,15,1,0
BRDA:70,16,0,0
BRDA:70,16,1,0
BRDA:70,17,0,0
BRDA:70,17,1,0
BRDA:75,18,0,0
BRDA:75,18,1,0
BRDA:75,19,0,0
BRDA:75,19,1,0
BRDA:126,20,0,0
BRDA:126,20,1,0
BRDA:144,21,0,0
BRDA:144,21,1,0
BRDA:149,22,0,0
BRDA:149,22,1,0
BRDA:149,23,0,0
BRDA:149,23,1,0
BRDA:158,24,0,0
BRDA:158,24,1,0
BRDA:175,25,0,0
BRDA:175,25,1,0
BRDA:196,26,0,0
BRDA:196,26,1,0
BRDA:207,27,0,0
BRDA:207,27,1,0
BRDA:242,28,0,0
BRDA:242,28,1,0
BRDA:249,29,0,0
BRDA:249,29,1,0
BRDA:255,30,0,0
BRDA:255,30,1,0
BRDA:255,31,0,0
BRDA:255,31,1,0
BRDA:265,32,0,0
BRDA:265,32,1,0
BRDA:273,33,0,0
BRDA:273,33,1,0
BRDA:289,34,0,0
BRDA:289,34,1,0
BRDA:307,35,0,0
BRDA:307,35,1,0
BRDA:325,36,0,0
BRDA:325,36,1,0
BRDA:330,37,0,0
BRDA:330,37,1,0
BRDA:343,38,0,0
BRDA:343,38,1,0
BRDA:343,39,0,0
BRDA:343,39,1,0
BRDA:377,40,0,0
BRDA:377,40,1,0
BRDA:380,41,0,0
BRDA:380,41,1,0
BRF:83
BRH:18
end_of_record
TN:
SF:/Users/daniel/sandbox/react-planks/src/plank.js
FN:1,(anonymous_1)
FN:1,defineProperties
FN:1,(anonymous_3)
FN:1,_interopRequireDefault
FN:1,_classCallCheck
FN:1,_possibleConstructorReturn
FN:1,_inherits
FN:3,(anonymous_8)
FN:4,Plank
FN:19,componentDidMount
FN:22,componentWillReceiveProps
FN:41,componentDidUpdate
FN:61,previouslyRendered
FN:63,updateBreakpointRenderings
FN:70,handleHeightSet
FN:74,(anonymous_16)
FN:78,sendHeightToPlanksContainer
FN:83,handleImageLoad
FN:94,handleImageLoadError
FN:105,render
FN:115,ref
FNF:21
FNH:6
FNDA:1,(anonymous_1)
FNDA:1,defineProperties
FNDA:1,(anonymous_3)
FNDA:1,_interopRequireDefault
FNDA:0,_classCallCheck
FNDA:0,_possibleConstructorReturn
FNDA:1,_inherits
FNDA:1,(anonymous_8)
FNDA:0,Plank
FNDA:0,componentDidMount
FNDA:0,componentWillReceiveProps
FNDA:0,componentDidUpdate
FNDA:0,previouslyRendered
FNDA:0,updateBreakpointRenderings
FNDA:0,handleHeightSet
FNDA:0,(anonymous_16)
FNDA:0,sendHeightToPlanksContainer
FNDA:0,handleImageLoad
FNDA:0,handleImageLoadError
FNDA:0,render
FNDA:0,ref
DA:1,10
DA:3,1
DA:4,1
DA:10,0
DA:12,0
DA:19,1
DA:21,0
DA:22,0
DA:28,0
DA:30,0
DA:31,0
DA:32,0
DA:43,0
DA:44,0
DA:47,0
DA:48,0
DA:49,0
DA:51,0
DA:63,0
DA:67,0
DA:69,0
DA:70,0
DA:73,0
DA:74,0
DA:77,0
DA:78,0
DA:83,0
DA:88,0
DA:97,0
DA:106,0
DA:109,0
DA:115,1
DA:117,1
LF:33
LH:6
BRDA:1,1,0,10
BRDA:1,1,1,10
BRDA:1,2,0,10
BRDA:1,2,1,0
BRDA:1,3,0,1
BRDA:1,3,1,0
BRDA:1,4,0,0
BRDA:1,4,1,1
BRDA:1,5,0,0
BRDA:1,5,1,1
BRDA:1,6,0,1
BRDA:1,6,1,1
BRDA:1,7,0,0
BRDA:1,7,1,0
BRDA:1,8,0,0
BRDA:1,8,1,0
BRDA:1,9,0,0
BRDA:1,9,1,0
BRDA:1,10,0,0
BRDA:1,10,1,0
BRDA:1,10,2,0
BRDA:1,11,0,0
BRDA:1,11,1,1
BRDA:1,12,0,1
BRDA:1,12,1,0
BRDA:1,13,0,1
BRDA:1,13,1,1
BRDA:1,14,0,1
BRDA:1,14,1,0
BRDA:1,15,0,1
BRDA:1,15,1,0
BRDA:21,16,0,0
BRDA:21,16,1,0
BRDA:28,17,0,0
BRDA:28,17,1,0
BRDA:31,18,0,0
BRDA:31,18,1,0
BRDA:32,19,0,0
BRDA:32,19,1,0
BRDA:43,20,0,0
BRDA:43,20,1,0
BRDA:47,21,0,0
BRDA:47,21,1,0
BRDA:48,22,0,0
BRDA:48,22,1,0
BRF:45
BRH:14
end_of_record
